Start testing: Mar 04 20:40 MSK
----------------------------------------------------------
1/1 Testing: termin_inspect_test
1/1 Test: termin_inspect_test
Command: "/home/mirmik/project/termin-env/termin-inspect/build/bin/termin_inspect_test"
Directory: /home/mirmik/project/termin-env/termin-inspect/build
"termin_inspect_test" start time: Mar 04 20:40 MSK
Output:
----------------------------------------------------------
termin-inspect smoke tests: PASS
<end of output>
Test time =   0.00 sec
----------------------------------------------------------
Test Passed.
"termin_inspect_test" end time: Mar 04 20:40 MSK
"termin_inspect_test" time elapsed: 00:00:00
----------------------------------------------------------

End testing: Mar 04 20:40 MSK
